[MQTT] Conectando a tcp://broker.emqx.io:1883 con client_id=cpp_sub_1039267422...
[MQTT] Conectado. Cause: connect onSuccess called
[MQTT] Subscribing: sensor/data/sen55 (qos=0)...
[MQTT] OK subscribed: sensor/data/sen55
[MQTT] Subscribing: sensor/data/gas_sensor (qos=0)...
[MQTT] OK subscribed: sensor/data/gas_sensor
[MQTT] Escuchando... (Ctrl+C para salir)

[MSG] Topic: sensor/data/sen55
 Payload: {"ts": "2026-03-07T11:17:10.201534+00:00", "device_id": "dev-a3f60ddb", "sensor": "sen55", "pm1_0": 40.48, "pm2_5": 1.41, "pm4_0": 44.13, "pm10": 48.92, "voc_index": 317.8, "nox_index": 175.3, "temperature_c": 24.49, "humidity_rh": 69.05}

[MSG] Topic: sensor/data/gas_sensor
 Payload: {"ts": "2026-03-07T11:17:10.201595+00:00", "device_id": "dev-929fdfcb", "sensor": "gas_sensor", "co_ppm": 13.71, "co2_ppm": 1321, "ch4_ppm": 7.673, "nh3_ppm": 3.502, "tvoc_ppb": 349}

[MSG] Topic: sensor/data/sen55
 Payload: {"ts": "2026-03-07T11:17:11.201893+00:00", "device_id": "dev-af76e697", "sensor": "sen55", "pm1_0": 38.82, "pm2_5": 23.11, "pm4_0": 21.23, "pm10": 72.93, "voc_index": 474.8, "nox_index": 241.0, "temperature_c": 24.76, "humidity_rh": 48.16}

[MSG] Topic: sensor/data/gas_sensor
 Payload: {"ts": "2026-03-07T11:17:11.201944+00:00", "device_id": "dev-ebc532aa", "sensor": "gas_sensor", "co_ppm": 18.87, "co2_ppm": 883, "ch4_ppm": 2.007, "nh3_ppm": 11.922, "tvoc_ppb": 896}

[MSG] Topic: sensor/data/sen55
 Payload: {"ts": "2026-03-07T11:17:12.202331+00:00", "device_id": "dev-199a4f60", "sensor": "sen55", "pm1_0": 5.19, "pm2_5": 27.96, "pm4_0": 78.3, "pm10": 41.75, "voc_index": 345.6, "nox_index": 170.5, "temperature_c": 26.56, "humidity_rh": 59.87}

[MSG] Topic: sensor/data/gas_sensor
 Payload: {"ts": "2026-03-07T11:17:12.202574+00:00", "device_id": "dev-f3ef3fd8", "sensor": "gas_sensor", "co_ppm": 5.31, "co2_ppm": 507, "ch4_ppm": 8.563, "nh3_ppm": 6.406, "tvoc_ppb": 130}

[MSG] Topic: sensor/data/sen55
 Payload: {"ts": "2026-03-07T11:17:13.203561+00:00", "device_id": "dev-3e11b92b", "sensor": "sen55", "pm1_0": 31.86, "pm2_5": 30.7, "pm4_0": 107.3, "pm10": 7.71, "voc_index": 322.0, "nox_index": 202.5, "temperature_c": 23.98, "humidity_rh": 46.8}

[MSG] Topic: sensor/data/gas_sensor
 Payload: {"ts": "2026-03-07T11:17:13.203647+00:00", "device_id": "dev-f452add0", "sensor": "gas_sensor", "co_ppm": 1.23, "co2_ppm": 1651, "ch4_ppm": 1.796, "nh3_ppm": 6.544, "tvoc_ppb": 504}

[MSG] Topic: sensor/data/sen55
 Payload: {"ts": "2026-03-07T11:17:14.204135+00:00", "device_id": "dev-e3b6bf94", "sensor": "sen55", "pm1_0": 14.45, "pm2_5": 16.54, "pm4_0": 44.33, "pm10": 12.66, "voc_index": 293.8, "nox_index": 355.0, "temperature_c": 19.58, "humidity_rh": 55.54}

[MSG] Topic: sensor/data/gas_sensor
 Payload: {"ts": "2026-03-07T11:17:14.204188+00:00", "device_id": "dev-7707ff34", "sensor": "gas_sensor", "co_ppm": 20.14, "co2_ppm": 920, "ch4_ppm": 7.698, "nh3_ppm": 0.443, "tvoc_ppb": 377}

[MSG] Topic: sensor/data/sen55
 Payload: {"ts": "2026-03-07T11:17:15.204559+00:00", "device_id": "dev-4a131f05", "sensor": "sen55", "pm1_0": 14.4, "pm2_5": 64.98, "pm4_0": 37.58, "pm10": 17.12, "voc_index": 69.3, "nox_index": 230.6, "temperature_c": 24.02, "humidity_rh": 37.41}

[MSG] Topic: sensor/data/gas_sensor
 Payload: {"ts": "2026-03-07T11:17:15.204622+00:00", "device_id": "dev-208ac92b", "sensor": "gas_sensor", "co_ppm": 2.76, "co2_ppm": 617, "ch4_ppm": 8.885, "nh3_ppm": 3.733, "tvoc_ppb": 651}

[MSG] Topic: sensor/data/sen55
 Payload: {"ts": "2026-03-07T11:17:16.204988+00:00", "device_id": "dev-191799cd", "sensor": "sen55", "pm1_0": 16.6, "pm2_5": 19.88, "pm4_0": 118.3, "pm10": 45.47, "voc_index": 431.8, "nox_index": 175.1, "temperature_c": 23.84, "humidity_rh": 52.26}

[MSG] Topic: sensor/data/gas_sensor
 Payload: {"ts": "2026-03-07T11:17:16.205045+00:00", "device_id": "dev-0c56300f", "sensor": "gas_sensor", "co_ppm": 11.72, "co2_ppm": 1574, "ch4_ppm": 2.977, "nh3_ppm": 17.121, "tvoc_ppb": 507}

[MSG] Topic: sensor/data/sen55
 Payload: {"ts": "2026-03-07T11:17:17.205393+00:00", "device_id": "dev-85483c43", "sensor": "sen55", "pm1_0": 28.27, "pm2_5": 30.79, "pm4_0": 102.18, "pm10": 139.82, "voc_index": 297.1, "nox_index": 373.9, "temperature_c": 18.03, "humidity_rh": 55.95}

[MSG] Topic: sensor/data/gas_sensor
 Payload: {"ts": "2026-03-07T11:17:17.205446+00:00", "device_id": "dev-47d81aa1", "sensor": "gas_sensor", "co_ppm": 41.17, "co2_ppm": 1336, "ch4_ppm": 3.184, "nh3_ppm": 11.534, "tvoc_ppb": 841}

[MQTT] Cerrando...
[MQTT] Unsubscribe: sensor/data/sen55
[MQTT] Unsubscribe: sensor/data/gas_sensor
[MQTT] Desconectado.
