[MQTT] Conectando a tcp://broker.emqx.io:1883 con client_id=cpp_sub_874170789...
[MQTT] Conectado. Cause: connect onSuccess called
[MQTT] Subscribing: sensor/data/sen55 (qos=0)...
[MQTT] OK subscribed: sensor/data/sen55
[MQTT] Subscribing: sensor/data/gas_sensor (qos=0)...
[MQTT] OK subscribed: sensor/data/gas_sensor
[MQTT] Escuchando... (Ctrl+C para salir)

[MSG] Topic: sensor/data/sen55
 Payload: {"MassConcentrationPm1p0":5.30,"MassConcentrationPm2p5":5.60,"MassConcentrationPm4p0":5.60,"MassConcentrationPm10p0":5.60,"AmbientHumidity":47.10,"AmbientTemperature":22.47,"VocIndex":24.00,"NoxIndex":1.00}

[MSG] Topic: sensor/data/gas_sensor
 Payload: {"GM102B":42.00,"GM302B":57.00,"GM502B":68.00,"GM702B":179.00}

[MSG] Topic: sensor/data/sen55
 Payload: {"MassConcentrationPm1p0":5.60,"MassConcentrationPm2p5":5.90,"MassConcentrationPm4p0":5.90,"MassConcentrationPm10p0":6.00,"AmbientHumidity":47.13,"AmbientTemperature":22.47,"VocIndex":24.00,"NoxIndex":1.00}

[MSG] Topic: sensor/data/gas_sensor
 Payload: {"GM102B":42.00,"GM302B":57.00,"GM502B":68.00,"GM702B":180.00}

[MSG] Topic: sensor/data/sen55
 Payload: {"MassConcentrationPm1p0":6.10,"MassConcentrationPm2p5":6.50,"MassConcentrationPm4p0":6.50,"MassConcentrationPm10p0":6.50,"AmbientHumidity":47.15,"AmbientTemperature":22.47,"VocIndex":24.00,"NoxIndex":1.00}

[MSG] Topic: sensor/data/gas_sensor
 Payload: {"GM102B":42.00,"GM302B":57.00,"GM502B":69.00,"GM702B":179.00}

[MSG] Topic: sensor/data/sen55
 Payload: {"MassConcentrationPm1p0":6.20,"MassConcentrationPm2p5":6.50,"MassConcentrationPm4p0":6.50,"MassConcentrationPm10p0":6.60,"AmbientHumidity":47.16,"AmbientTemperature":22.46,"VocIndex":24.00,"NoxIndex":1.00}

[MSG] Topic: sensor/data/gas_sensor
 Payload: {"GM102B":41.00,"GM302B":58.00,"GM502B":68.00,"GM702B":179.00}

[MQTT] Cerrando...
[MQTT] Unsubscribe: sensor/data/sen55
[MQTT] Unsubscribe: sensor/data/gas_sensor
[MQTT] Desconectado.
