[MQTT] Conectando a tcp://broker.emqx.io:1883 con client_id=cpp_sub_8382160...
[MQTT] Conectado. Cause: connect onSuccess called
[MQTT] Subscribing: sensor/data/sen55 (qos=0)...
[MQTT] OK subscribed: sensor/data/sen55
[MQTT] Subscribing: sensor/data/gas_sensor (qos=0)...
[MQTT] OK subscribed: sensor/data/gas_sensor
[MQTT] Escuchando... (Ctrl+C para salir)

[MSG] Topic: sensor/data/sen55
 Payload: {"MassConcentrationPm1p0":8.70,"MassConcentrationPm2p5":9.20,"MassConcentrationPm4p0":9.20,"MassConcentrationPm10p0":9.20,"AmbientHumidity":48.17,"AmbientTemperature":22.24,"VocIndex":418.00,"NoxIndex":1.00}

[MSG] Topic: sensor/data/gas_sensor
 Payload: {"GM102B":43.00,"GM302B":65.00,"GM502B":81.00,"GM702B":207.00}

[MSG] Topic: sensor/data/sen55
 Payload: {"MassConcentrationPm1p0":8.80,"MassConcentrationPm2p5":9.20,"MassConcentrationPm4p0":9.20,"MassConcentrationPm10p0":9.20,"AmbientHumidity":48.16,"AmbientTemperature":22.24,"VocIndex":418.00,"NoxIndex":1.00}

[MSG] Topic: sensor/data/gas_sensor
 Payload: {"GM102B":44.00,"GM302B":66.00,"GM502B":80.00,"GM702B":208.00}

[MSG] Topic: sensor/data/sen55
 Payload: {"MassConcentrationPm1p0":9.10,"MassConcentrationPm2p5":9.60,"MassConcentrationPm4p0":9.60,"MassConcentrationPm10p0":9.60,"AmbientHumidity":48.17,"AmbientTemperature":22.24,"VocIndex":418.00,"NoxIndex":1.00}

[MSG] Topic: sensor/data/gas_sensor
 Payload: {"GM102B":43.00,"GM302B":65.00,"GM502B":81.00,"GM702B":207.00}

[MSG] Topic: sensor/data/sen55
 Payload: {"MassConcentrationPm1p0":9.60,"MassConcentrationPm2p5":10.00,"MassConcentrationPm4p0":10.00,"MassConcentrationPm10p0":10.00,"AmbientHumidity":48.17,"AmbientTemperature":22.23,"VocIndex":418.00,"NoxIndex":1.00}

[MSG] Topic: sensor/data/gas_sensor
 Payload: {"GM102B":43.00,"GM302B":65.00,"GM502B":81.00,"GM702B":207.00}

[MQTT] Cerrando...
[MQTT] Unsubscribe: sensor/data/sen55
[MQTT] Unsubscribe: sensor/data/gas_sensor
[MQTT] Desconectado.
