[MQTT] Conectando a tcp://broker.emqx.io:1883 con client_id=cpp_sub_894099239...
[MQTT] Conectado. Cause: connect onSuccess called
[MQTT] Subscribing: sensor/data/sen55 (qos=0)...
[MQTT] OK subscribed: sensor/data/sen55
[MQTT] Subscribing: sensor/data/gas_sensor (qos=0)...
[MQTT] OK subscribed: sensor/data/gas_sensor
[MQTT] Escuchando... (Ctrl+C para salir)

[MSG] Topic: sensor/data/sen55
 Payload: {"MassConcentrationPm1p0":10.10,"MassConcentrationPm2p5":10.60,"MassConcentrationPm4p0":10.60,"MassConcentrationPm10p0":10.60,"AmbientHumidity":48.19,"AmbientTemperature":22.23,"VocIndex":418.00,"NoxIndex":1.00}

[MSG] Topic: sensor/data/gas_sensor
 Payload: {"GM102B":43.00,"GM302B":65.00,"GM502B":80.00,"GM702B":207.00}

[MSG] Topic: sensor/data/sen55
 Payload: {"MassConcentrationPm1p0":10.10,"MassConcentrationPm2p5":10.60,"MassConcentrationPm4p0":10.60,"MassConcentrationPm10p0":10.60,"AmbientHumidity":48.20,"AmbientTemperature":22.23,"VocIndex":418.00,"NoxIndex":1.00}

[MSG] Topic: sensor/data/gas_sensor
 Payload: {"GM102B":43.00,"GM302B":66.00,"GM502B":80.00,"GM702B":207.00}

[MSG] Topic: sensor/data/sen55
 Payload: {"MassConcentrationPm1p0":10.30,"MassConcentrationPm2p5":10.80,"MassConcentrationPm4p0":10.80,"MassConcentrationPm10p0":10.80,"AmbientHumidity":48.20,"AmbientTemperature":22.23,"VocIndex":418.00,"NoxIndex":1.00}

[MSG] Topic: sensor/data/gas_sensor
 Payload: {"GM102B":43.00,"GM302B":66.00,"GM502B":81.00,"GM702B":207.00}

[MQTT] Cerrando...
[MQTT] Unsubscribe: sensor/data/sen55

[MSG] Topic: sensor/data/sen55
 Payload: {"MassConcentrationPm1p0":10.40,"MassConcentrationPm2p5":10.90,"MassConcentrationPm4p0":10.90,"MassConcentrationPm10p0":10.90,"AmbientHumidity":48.21,"AmbientTemperature":22.22,"VocIndex":418.00,"NoxIndex":1.00}
[MQTT] Unsubscribe: sensor/data/gas_sensor
[MQTT] Desconectado.
